<?xml version="1.0" encoding="UTF-8"?>
<!-- Generated by org.testng.reporters.JUnitXMLReporter -->
<testsuite hostname="MacBook-Pro-3.local" name="Surefire test" tests="1" failures="0" timestamp="13 Sep 2019 14:06:24 GMT" time="0.878" errors="0">
  <testcase name="@BeforeSuite startDriver" time="0.0" classname="com.testbash.auto.runner.MainRunner">
    <failure type="org.openqa.selenium.WebDriverException" message="Misconfigured -- Sauce Labs Authentication Error.
You used username &amp;apos;None&amp;apos; and access key &amp;apos;None&amp;apos; to authenticate, which are not valid Sauce Labs credentials.

The following desired capabilities were received:
{&amp;apos;browserName&amp;apos;: &amp;apos;chrome&amp;apos;,
 &amp;apos;browserVersion&amp;apos;: &amp;apos;latest&amp;apos;,
 &amp;apos;goog:chromeOptions&amp;apos;: {&amp;apos;args&amp;apos;: [],
                        &amp;apos;extensions&amp;apos;: [],
                        &amp;apos;w3c&amp;apos;: True},
 &amp;apos;sauce:options&amp;apos;: {&amp;apos;build&amp;apos;: &amp;apos;Onboarding Sample App - Java-Junit5&amp;apos;,
                   &amp;apos;commandTimeout&amp;apos;: 600,
                   &amp;apos;idleTimeout&amp;apos;: 1000,
                   &amp;apos;maxDuration&amp;apos;: 3600,
                   &amp;apos;name&amp;apos;: &amp;apos;4-best-practices&amp;apos;,
                   &amp;apos;seleniumVersion&amp;apos;: &amp;apos;3.141.59&amp;apos;,
                   &amp;apos;tags&amp;apos;: [&amp;apos;sauceDemo&amp;apos;,
                            &amp;apos;demoTest&amp;apos;,
                            &amp;apos;module4&amp;apos;,
                            &amp;apos;javaTest&amp;apos;]}} (WARNING: The server did not provide any stacktrace information)
Command duration or timeout: 1.46 seconds
Build info: version: &amp;apos;3.141.59&amp;apos;, revision: &amp;apos;e82be7d358&amp;apos;, time: &amp;apos;2018-11-14T08:17:03&amp;apos;
System info: host: &amp;apos;MacBook-Pro-3.local&amp;apos;, ip: &amp;apos;10.244.216.170&amp;apos;, os.name: &amp;apos;Mac OS X&amp;apos;, os.arch: &amp;apos;x86_64&amp;apos;, os.version: &amp;apos;10.13.6&amp;apos;, java.version: &amp;apos;1.8.0_202&amp;apos;
Driver info: driver.version: RemoteWebDriver">
      <![CDATA[org.openqa.selenium.WebDriverException: Misconfigured -- Sauce Labs Authentication Error.
You used username 'None' and access key 'None' to authenticate, which are not valid Sauce Labs credentials.

The following desired capabilities were received:
{'browserName': 'chrome',
 'browserVersion': 'latest',
 'goog:chromeOptions': {'args': [],
                        'extensions': [],
                        'w3c': True},
 'sauce:options': {'build': 'Onboarding Sample App - Java-Junit5',
                   'commandTimeout': 600,
                   'idleTimeout': 1000,
                   'maxDuration': 3600,
                   'name': '4-best-practices',
                   'seleniumVersion': '3.141.59',
                   'tags': ['sauceDemo',
                            'demoTest',
                            'module4',
                            'javaTest']}} (WARNING: The server did not provide any stacktrace information)
Command duration or timeout: 1.46 seconds
Build info: version: '3.141.59', revision: 'e82be7d358', time: '2018-11-14T08:17:03'
System info: host: 'MacBook-Pro-3.local', ip: '10.244.216.170', os.name: 'Mac OS X', os.arch: 'x86_64', os.version: '10.13.6', java.version: '1.8.0_202'
Driver info: driver.version: RemoteWebDriver
	at org.openqa.selenium.remote.ErrorHandler.createThrowable(ErrorHandler.java:214)
	at org.openqa.selenium.remote.ErrorHandler.throwIfResponseFailed(ErrorHandler.java:166)
	at org.openqa.selenium.remote.JsonWireProtocolResponse.lambda$errorHandler$0(JsonWireProtocolResponse.java:54)
	at org.openqa.selenium.remote.HandshakeResponse.lambda$getResponseFunction$0(HandshakeResponse.java:30)
	at org.openqa.selenium.remote.ProtocolHandshake.lambda$createSession$0(ProtocolHandshake.java:126)
	at java.util.stream.ReferencePipeline$3$1.accept(ReferencePipeline.java:193)
	at java.util.Spliterators$ArraySpliterator.tryAdvance(Spliterators.java:958)
	at java.util.stream.ReferencePipeline.forEachWithCancel(ReferencePipeline.java:126)
	at java.util.stream.AbstractPipeline.copyIntoWithCancel(AbstractPipeline.java:498)
	at java.util.stream.AbstractPipeline.copyInto(AbstractPipeline.java:485)
	at java.util.stream.AbstractPipeline.wrapAndCopyInto(AbstractPipeline.java:471)
	at java.util.stream.FindOps$FindOp.evaluateSequential(FindOps.java:152)
	at java.util.stream.AbstractPipeline.evaluate(AbstractPipeline.java:234)
	at java.util.stream.ReferencePipeline.findFirst(ReferencePipeline.java:464)
	at org.openqa.selenium.remote.ProtocolHandshake.createSession(ProtocolHandshake.java:128)
	at org.openqa.selenium.remote.ProtocolHandshake.createSession(ProtocolHandshake.java:74)
	at org.openqa.selenium.remote.HttpCommandExecutor.execute(HttpCommandExecutor.java:136)
	at org.openqa.selenium.remote.RemoteWebDriver.execute(RemoteWebDriver.java:552)
	at org.openqa.selenium.remote.RemoteWebDriver.startSession(RemoteWebDriver.java:213)
	at org.openqa.selenium.remote.RemoteWebDriver.<init>(RemoteWebDriver.java:131)
	at org.openqa.selenium.remote.RemoteWebDriver.<init>(RemoteWebDriver.java:144)
	at com.testbash.auto.setup.Setup.createWebDriver(Setup.java:66)
	at com.testbash.auto.setup.Setup.startDriver(Setup.java:127)
... Removed 27 stack frames]]>
    </failure>
  </testcase> <!-- @BeforeSuite startDriver -->
  <testcase name="feature" time="0.001" classname="com.testbash.auto.runner.MainRunner">
    <skipped/>
  </testcase> <!-- feature -->
</testsuite> <!-- Surefire test -->
